id;bank;value;due_date;status;server;duration;size;description;region;error_code;queue
CA-2016-152156;Bradesco;4840;01-04-18;OK;fnt002-sp01;10;281;Bookcases;SP;0;0
CA-2016-152156;Bradesco;433;01-04-18;OK;fnt002-sp02;2;29;Chairs;SP;0;3
CA-2016-138688;Bradesco;5054;01-04-18;OK;fnt002-sp03;7;320;Labels;SP;0;0
US-2015-108966;Bradesco;5205;01-04-18;OK;fnt002-sp04;16;278;Tables;SP;0;0
US-2015-108966;Banco do Brasil;2960;01-04-18;OK;fnt002-sp05;11;198;Storage;SP;0;3
CA-2014-115812;Bradesco;1009;02-04-18;NOK;fnt002-sp06;9;30;Furnishings;SP;404;4
CA-2014-115812;Banco do Brasil;3586;02-04-18;NOK;fnt002-sp06;2;276;Furnishings;SP;404;3
CA-2016-121755;Santander;3312;01-04-18;OK;fnt002-sp01;5;271;Furnishings;SP;0;0
US-2015-150630;Bradesco;4407;01-04-18;OK;fnt002-sp01;5;148;Art;SP;0;0
US-2015-150630;Bradesco;938;01-04-18;OK;fnt002-sp01;9;248;Phones;SP;0;1
US-2015-150630;Bradesco;345;01-04-18;OK;fnt002-sp01;14;290;Binders;SP;0;1
US-2015-150630;Bradesco;2849;01-04-18;OK;fnt002-sp01;16;86;Appliances;SP;0;3
US-2015-150630;Banco do Brasil;2361;02-04-18;NOK;fnt002-sp01;8;312;Tables;SP;404;0
US-2015-150630;Bradesco;3969;02-04-18;NOK;fnt002-sp01;12;172;Phones;SP;404;0
US-2015-150630;Banco do Brasil;378;01-04-18;OK;fnt002-sp01;13;248;Paper;SP;0;3
CA-2017-107727;Santander;4190;01-04-18;OK;fnt002-sp01;16;138;Binders;SP;0;3
CA-2016-117590;Bradesco;1475;01-04-18;OK;fnt002-sp01;7;57;Appliances;SP;0;3
CA-2016-117590;Bradesco;210;01-04-18;NOK;fnt002-sp01;9;201;Binders;SP;404;4
CA-2015-117415;Bradesco;5132;01-04-18;NOK;fnt002-sp01;8;152;Storage;SP;404;3
CA-2015-117415;Bradesco;2981;02-04-18;OK;fnt002-sp01;8;176;Storage;SP;0;4
CA-2015-117415;Banco do Brasil;1746;02-04-18;OK;fnt002-sp01;6;182;Art;SP;0;0
CA-2015-117415;Bradesco;1497;01-04-18;OK;fnt002-sp01;17;61;Phones;RJ;0;2
CA-2017-120999;Banco do Brasil;1093;01-04-18;OK;fnt002-sp02;9;318;Binders;RJ;0;3
CA-2016-101343;Santander;2368;01-04-18;OK;fnt002-sp03;6;154;Art;RJ;0;4
CA-2016-117590;Banco do Brasil;2669;01-04-18;OK;fnt002-sp04;7;38;Appliances;RJ;0;0
CA-2015-117415;Bradesco;2790;01-04-18;NOK;fnt002-sp05;17;29;Chairs;RJ;404;0
CA-2015-117415;Banco do Brasil;412;02-04-18;NOK;fnt002-sp06;4;241;Tables;RJ;404;2
CA-2015-117415;Santander;3039;02-04-18;OK;fnt002-sp06;15;285;Binders;RJ;0;4
CA-2015-117415;Bradesco;189;01-04-18;OK;fnt002-sp01;17;79;Accessories;MG;0;1
CA-2016-152156;Bradesco;5491;01-04-18;OK;fnt002-sp01;20;191;Bookcases;MG;0;1
CA-2016-152156;Bradesco;3147;01-04-18;OK;fnt002-sp01;14;215;Binders;MG;0;3
CA-2016-138688;Bradesco;4726;01-04-18;OK;fnt002-sp01;5;166;Bookcases;ES;0;2
US-2015-108966;Banco do Brasil;1699;01-04-18;OK;fnt002-sp01;9;318;Chairs;SP;0;1
US-2015-108966;Bradesco;458;02-04-18;OK;fnt002-sp01;8;305;Labels;SP;0;2
CA-2014-115812;Bradesco;3120;02-04-18;OK;fnt002-sp01;18;312;Tables;SP;0;2
CA-2014-115812;Bradesco;5230;01-04-18;OK;fnt002-sp01;3;153;Storage;SP;0;4
CA-2016-121755;Bradesco;2547;01-04-18;OK;fnt002-sp01;7;303;Furnishings;SP;0;0
US-2015-150630;Banco do Brasil;5395;01-04-18;OK;fnt002-sp01;3;232;Furnishings;SP;0;1
US-2015-150630;Bradesco;2043;01-04-18;OK;fnt002-sp01;3;196;Furnishings;SP;0;2
US-2015-150630;Banco do Brasil;5026;01-04-18;OK;fnt002-sp01;14;185;Art;SP;0;4
US-2015-150630;Santander;2293;02-04-18;OK;fnt002-sp01;2;225;Phones;SP;0;4
US-2015-150630;Bradesco;3263;02-04-18;OK;fnt002-sp01;10;224;Binders;SP;0;1
US-2015-150630;Bradesco;2189;01-04-18;OK;fnt002-sp01;3;308;Appliances;SP;0;1
US-2015-150630;Bradesco;2496;01-04-18;OK;fnt002-sp02;4;119;Tables;SP;0;1
CA-2017-107727;Bradesco;3566;01-04-18;OK;fnt002-sp03;19;291;Phones;SP;0;1
CA-2016-117590;Banco do Brasil;877;01-04-18;OK;fnt002-sp04;15;61;Paper;SP;0;0
CA-2016-117590;Bradesco;3200;01-04-18;OK;fnt002-sp05;19;273;Binders;SP;0;3
CA-2015-117415;Banco do Brasil;2282;02-04-18;OK;fnt002-sp06;6;195;Appliances;SP;0;4
CA-2015-117415;Santander;2865;02-04-18;OK;fnt002-sp06;16;99;Binders;SP;0;2
CA-2015-117415;Bradesco;3463;03-04-18;OK;fnt002-sp01;15;125;Storage;SP;0;2
CA-2015-117415;Bradesco;2439;01-04-18;OK;fnt002-sp01;10;276;Storage;SP;0;3
CA-2017-120999;Bradesco;2143;01-04-18;OK;fnt002-sp01;19;189;Art;SP;0;0
CA-2016-101343;Bradesco;1733;01-04-18;OK;fnt002-sp01;2;291;Phones;SP;0;3
CA-2016-117590;Banco do Brasil;958;02-04-18;OK;fnt002-sp01;2;130;Binders;RJ;0;2
CA-2015-117415;Bradesco;5062;02-04-18;OK;fnt002-sp01;18;193;Art;RJ;0;1
CA-2015-117415;Banco do Brasil;4616;03-04-18;OK;fnt002-sp01;6;50;Appliances;RJ;0;3
CA-2015-117415;Santander;2999;02-04-18;OK;fnt002-sp01;2;287;Chairs;RJ;0;1
CA-2015-117415;Banco do Brasil;3752;01-04-18;OK;fnt002-sp01;18;278;Tables;RJ;0;3
CA-2016-152156;Bradesco;4746;01-04-18;OK;fnt002-sp01;18;252;Binders;RJ;0;2
CA-2016-152156;Banco do Brasil;1996;01-04-18;OK;fnt002-sp01;13;250;Accessories;RJ;0;2
CA-2016-138688;Santander;3098;01-04-18;OK;fnt002-sp01;15;181;Bookcases;MG;0;3
US-2015-108966;Bradesco;5675;01-04-18;OK;fnt002-sp01;1;107;Binders;MG;0;1
US-2015-108966;Bradesco;3664;02-04-18;OK;fnt002-sp01;16;193;Bookcases;MG;0;2
CA-2014-115812;Bradesco;234;02-04-18;OK;fnt002-sp01;18;198;Chairs;ES;0;4
CA-2014-115812;Bradesco;4756;03-04-18;OK;fnt002-sp02;1;306;Labels;BA;0;2
CA-2016-121755;Banco do Brasil;2927;01-04-18;OK;fnt002-sp03;8;201;Tables;ES;0;1
US-2015-150630;Bradesco;3000;01-04-18;NOK;fnt002-sp04;20;254;Storage;ES;404;4
US-2015-150630;Bradesco;4521;01-04-18;NOK;fnt002-sp05;12;152;Furnishings;BA;404;3
US-2015-150630;Bradesco;2794;02-04-18;FATAL;fnt002-sp06;4;284;Furnishings;BA;404;15
US-2015-150630;Bradesco;3516;02-04-18;NOK;fnt002-sp06;19;272;Furnishings;MG;404;1
US-2015-150630;Banco do Brasil;128;03-04-18;NOK;fnt002-sp01;5;252;Art;ES;404;2
US-2015-150630;Bradesco;143;04-04-18;OK;fnt002-sp01;7;45;Phones;BA;0;3
US-2015-150630;Banco do Brasil;1237;05-04-18;OK;fnt002-sp01;13;259;Binders;ES;0;3
CA-2017-107727;Santander;599;11-07-18;OK;fnt002-sp01;2;259;Appliances;ES;0;1
CA-2016-117590;Bradesco;5388;12-07-18;OK;fnt002-sp01;10;176;Tables;BA;0;1
CA-2016-117590;Bradesco;1538;13-07-18;OK;fnt002-sp01;13;167;Phones;BA;0;3
CA-2015-117415;Bradesco;1253;14-07-18;OK;fnt002-sp01;3;109;Paper;MG;0;2
CA-2015-117415;Bradesco;4989;15-07-18;OK;fnt002-sp01;6;108;Binders;ES;0;3
CA-2015-117415;Banco do Brasil;1969;16-07-18;OK;fnt002-sp01;8;77;Appliances;BA;0;0
CA-2015-117415;Bradesco;5172;17-07-18;OK;fnt002-sp01;2;144;Binders;ES;0;3
CA-2017-120999;Banco do Brasil;3244;18-07-18;OK;fnt002-sp01;13;97;Storage;ES;0;0
CA-2016-101343;Santander;593;19-07-18;OK;fnt002-sp01;1;122;Storage;BA;0;4
CA-2016-117590;Bradesco;4225;20-07-18;OK;fnt002-sp01;15;30;Art;BA;0;3
CA-2015-117415;Bradesco;1842;21-07-18;OK;fnt002-sp01;17;119;Phones;MG;0;2
CA-2015-117415;Bradesco;4509;22-07-18;OK;fnt002-sp01;10;224;Binders;ES;0;3
CA-2015-117415;Bradesco;4612;23-07-18;OK;fnt002-sp02;10;245;Art;BA;0;0
CA-2015-117415;Banco do Brasil;373;24-07-18;OK;fnt002-sp03;10;105;Appliances;ES;0;1
CA-2016-152156;Bradesco;808;25-07-18;OK;fnt002-sp04;1;305;Chairs;ES;0;0
CA-2016-152156;Banco do Brasil;4774;26-07-18;OK;fnt002-sp05;17;171;Tables;BA;0;2
CA-2016-138688;Santander;1784;27-07-18;OK;fnt002-sp06;11;288;Binders;BA;0;1
US-2015-108966;Banco do Brasil;3108;28-07-18;OK;fnt002-sp06;7;41;Accessories;SP;0;4
US-2015-108966;Bradesco;3144;29-07-18;OK;fnt002-sp01;14;307;Bookcases;SP;0;4
CA-2014-115812;Banco do Brasil;3705;25-04-18;OK;fnt002-sp01;1;81;Binders;SP;0;3
CA-2014-115812;Santander;3787;26-04-18;OK;fnt002-sp01;13;216;Tables;SP;0;0
CA-2016-121755;Bradesco;4548;27-04-18;OK;fnt002-sp01;17;57;Binders;SP;0;4
US-2015-150630;Bradesco;3498;28-04-18;OK;fnt002-sp01;8;185;Accessories;SP;0;4
US-2015-150630;Bradesco;969;29-04-18;OK;fnt002-sp01;17;278;Bookcases;SP;0;0
US-2015-150630;Bradesco;2050;30-04-18;OK;fnt002-sp01;2;90;Binders;SP;0;2
US-2015-150630;Banco do Brasil;4624;01-05-18;OK;fnt002-sp01;3;135;Bookcases;SP;0;4
US-2015-150630;Bradesco;4200;02-05-18;OK;fnt002-sp01;8;189;Chairs;SP;0;0
US-2015-150630;Bradesco;785;03-05-18;OK;fnt002-sp01;4;254;Labels;SP;0;3
US-2015-150630;Bradesco;2780;04-05-18;OK;fnt002-sp01;5;262;Tables;SP;0;0
CA-2017-107727;Bradesco;5183;05-05-18;OK;fnt002-sp01;12;76;Storage;SP;0;3
CA-2016-117590;Banco do Brasil;1026;06-05-18;OK;fnt002-sp01;7;15;Furnishings;SP;0;2
CA-2016-117590;Bradesco;1451;07-05-18;OK;fnt002-sp01;15;188;Furnishings;SP;0;4
CA-2015-117415;Banco do Brasil;5513;08-05-18;OK;fnt002-sp01;5;288;Bookcases;SP;0;2
CA-2015-117415;Santander;4632;09-05-18;OK;fnt002-sp02;14;47;Chairs;SP;0;0
CA-2015-117415;Bradesco;3620;10-05-18;OK;fnt002-sp03;6;36;Labels;SP;0;3
CA-2015-117415;Bradesco;4185;11-05-18;OK;fnt002-sp04;19;198;Tables;SP;0;3
CA-2017-120999;Bradesco;3101;12-05-18;OK;fnt002-sp05;7;191;Storage;SP;0;3
CA-2016-101343;Bradesco;5380;13-05-18;OK;fnt002-sp06;1;157;Furnishings;SP;0;1
CA-2016-117590;Banco do Brasil;5319;14-05-18;OK;fnt002-sp06;14;309;Furnishings;RJ;0;1
CA-2015-117415;Bradesco;2015;11-07-18;OK;fnt002-sp01;5;133;Furnishings;RJ;0;1
CA-2015-117415;Banco do Brasil;1268;12-07-18;OK;fnt002-sp01;7;188;Art;RJ;0;3
CA-2015-117415;Santander;2057;13-07-18;OK;fnt002-sp01;18;189;Phones;RJ;0;2
CA-2015-117415;Bradesco;4530;14-07-18;OK;fnt002-sp01;1;50;Binders;RJ;0;3
CA-2016-152156;Bradesco;1627;15-07-18;OK;fnt002-sp01;16;284;Appliances;RJ;0;3
CA-2016-152156;Bradesco;3352;16-07-18;OK;fnt002-sp01;17;67;Tables;RJ;0;1
CA-2016-138688;Bradesco;4580;17-07-18;OK;fnt002-sp01;14;104;Phones;MG;0;2
US-2015-108966;Banco do Brasil;364;18-07-18;FATAL;fnt002-sp01;12;242;Paper;SP;500;9
US-2015-108966;Bradesco;1775;19-07-18;NOK;fnt002-sp01;19;57;Binders;SP;404;0
CA-2014-115812;Banco do Brasil;5549;20-07-18;NOK;fnt002-sp01;2;197;Appliances;SP;404;4
CA-2014-115812;Santander;389;21-07-18;FATAL;fnt002-sp01;20;188;Binders;SP;500;10
CA-2016-121755;Banco do Brasil;748;22-07-18;NOK;fnt002-sp01;15;202;Storage;SP;404;4
US-2015-150630;Bradesco;1639;23-07-18;NOK;fnt002-sp01;18;141;Storage;SP;404;3
US-2015-150630;Banco do Brasil;576;24-07-18;FATAL;fnt002-sp01;5;284;Art;SP;500;18
US-2015-150630;Santander;4062;25-07-18;NOK;fnt002-sp01;1;107;Phones;SP;404;4
US-2015-150630;Bradesco;4652;26-07-18;NOK;fnt002-sp02;20;195;Binders;SP;404;3
US-2015-150630;Bradesco;4460;27-07-18;OK;fnt002-sp03;11;180;Art;SP;0;0
US-2015-150630;Bradesco;4305;28-07-18;OK;fnt002-sp04;16;91;Appliances;SP;0;0
US-2015-150630;Bradesco;347;29-07-18;OK;fnt002-sp05;11;280;Chairs;SP;0;3
CA-2017-107727;Banco do Brasil;5259;03-06-18;OK;fnt002-sp06;18;157;Tables;SP;0;4
CA-2016-117590;Bradesco;4156;04-06-18;OK;fnt002-sp06;16;290;Binders;SP;0;0
CA-2016-117590;Bradesco;4974;05-06-18;OK;fnt002-sp01;14;170;Accessories;SP;0;1
CA-2015-117415;Bradesco;535;06-06-18;OK;fnt002-sp01;20;167;Bookcases;SP;0;0
CA-2015-117415;Bradesco;2142;07-06-18;OK;fnt002-sp01;20;65;Binders;SP;0;1
CA-2015-117415;Banco do Brasil;3415;08-06-18;OK;fnt002-sp01;9;232;Bookcases;SP;0;0
CA-2015-117415;Bradesco;2456;09-06-18;OK;fnt002-sp01;8;199;Chairs;SP;0;1
CA-2017-120999;Banco do Brasil;1474;11-07-18;OK;fnt002-sp01;17;33;Labels;SP;0;1
CA-2016-101343;Santander;2453;12-07-18;OK;fnt002-sp01;15;50;Tables;SP;0;4
CA-2016-117590;Bradesco;4759;13-07-18;OK;fnt002-sp01;15;117;Storage;RJ;0;2
CA-2015-117415;Bradesco;5189;14-07-18;OK;fnt002-sp01;11;236;Furnishings;RJ;0;1
CA-2015-117415;Bradesco;2207;15-07-18;OK;fnt002-sp01;8;71;Furnishings;RJ;0;4
CA-2015-117415;Bradesco;1275;16-07-18;OK;fnt002-sp01;9;229;Furnishings;RJ;0;3
CA-2015-117415;Banco do Brasil;1721;17-07-18;OK;fnt002-sp01;18;302;Art;RJ;0;1
CA-2016-152156;Bradesco;2865;18-07-18;OK;fnt002-sp01;17;17;Phones;RJ;0;1
CA-2016-152156;Banco do Brasil;4836;19-07-18;OK;fnt002-sp01;19;270;Binders;RJ;0;3
CA-2016-138688;Santander;635;20-07-18;OK;fnt002-sp01;12;62;Appliances;MG;0;1
US-2015-108966;Bradesco;1081;21-07-18;OK;fnt002-sp02;1;130;Tables;SP;0;0
US-2015-108966;Bradesco;4260;22-07-18;OK;fnt002-sp03;7;135;Phones;SP;0;2
CA-2014-115812;Bradesco;3469;23-07-18;OK;fnt002-sp04;5;306;Paper;SP;0;0
CA-2014-115812;Bradesco;4705;24-07-18;OK;fnt002-sp05;1;210;Binders;SP;0;2
CA-2016-121755;Banco do Brasil;2159;25-07-18;OK;fnt002-sp06;7;210;Appliances;SP;0;4
US-2015-150630;Bradesco;5643;26-07-18;OK;fnt002-sp06;14;160;Binders;SP;0;4
US-2015-150630;Banco do Brasil;2218;27-07-18;OK;fnt002-sp01;12;200;Storage;SP;0;2
US-2015-150630;Santander;5500;28-07-18;OK;fnt002-sp01;14;276;Storage;SP;0;1
US-2015-150630;Banco do Brasil;909;29-07-18;OK;fnt002-sp01;13;117;Art;SP;0;3
US-2015-150630;Bradesco;4728;29-06-18;OK;fnt002-sp01;15;220;Phones;SP;0;1
US-2015-150630;Banco do Brasil;3291;30-06-18;OK;fnt002-sp01;19;38;Binders;SP;0;4
US-2015-150630;Santander;4598;01-07-18;OK;fnt002-sp01;4;227;Art;SP;0;3
CA-2017-107727;Bradesco;768;02-07-18;OK;fnt002-sp01;7;279;Appliances;SP;0;1
CA-2016-117590;Bradesco;2484;03-07-18;OK;fnt002-sp01;16;268;Chairs;SP;0;2
CA-2016-117590;Bradesco;555;04-07-18;OK;fnt002-sp01;9;175;Tables;SP;0;1
CA-2015-117415;Bradesco;1359;05-07-18;OK;fnt002-sp01;6;94;Binders;SP;0;4
CA-2015-117415;Banco do Brasil;4110;06-07-18;OK;fnt002-sp01;7;120;Accessories;SP;0;0
CA-2015-117415;Bradesco;5249;07-07-18;OK;fnt002-sp01;10;306;Bookcases;SP;0;1
CA-2015-117415;Bradesco;2742;08-07-18;OK;fnt002-sp01;17;117;Binders;SP;0;0
CA-2017-120999;Bradesco;2401;09-07-18;OK;fnt002-sp01;20;21;Bookcases;SP;0;2
CA-2016-101343;Bradesco;5056;10-07-18;OK;fnt002-sp01;13;193;Chairs;SP;0;0
CA-2016-117590;Banco do Brasil;4952;11-07-18;OK;fnt002-sp02;20;136;Labels;RJ;0;1
CA-2015-117415;Bradesco;2587;12-07-18;OK;fnt002-sp03;1;247;Tables;RJ;0;1
CA-2015-117415;Banco do Brasil;3055;13-07-18;OK;fnt002-sp04;7;53;Storage;RJ;0;2
CA-2015-117415;Santander;2457;14-07-18;OK;fnt002-sp05;4;76;Furnishings;RJ;0;1
CA-2015-117415;Bradesco;4671;15-07-18;OK;fnt002-sp06;13;79;Furnishings;RJ;0;3
CA-2016-152156;Bradesco;3383;16-07-18;OK;fnt002-sp06;12;131;Furnishings;RJ;0;0
CA-2016-152156;Bradesco;3099;17-07-18;OK;fnt002-sp01;11;217;Art;RJ;0;0
CA-2016-138688;Bradesco;2521;18-07-18;OK;fnt002-sp01;17;95;Phones;MG;0;3
US-2015-108966;Banco do Brasil;4266;19-07-18;OK;fnt002-sp01;17;174;Binders;SP;0;1
US-2015-108966;Bradesco;3201;20-07-18;OK;fnt002-sp01;6;66;Appliances;SP;0;3
CA-2014-115812;Banco do Brasil;1770;21-07-18;OK;fnt002-sp01;14;192;Tables;SP;0;2
CA-2014-115812;Santander;4239;22-07-18;OK;fnt002-sp01;11;237;Phones;SP;0;3
CA-2016-121755;Bradesco;1022;23-07-18;OK;fnt002-sp01;17;265;Paper;SP;0;1
US-2015-150630;Bradesco;1747;24-07-18;OK;fnt002-sp01;4;238;Binders;SP;0;2
US-2015-150630;Bradesco;322;25-07-18;OK;fnt002-sp01;3;113;Appliances;SP;0;0
US-2015-150630;Bradesco;4277;26-07-18;OK;fnt002-sp01;12;298;Binders;SP;0;3
US-2015-150630;Banco do Brasil;5320;27-07-18;OK;fnt002-sp01;10;228;Storage;SP;0;2
US-2015-150630;Bradesco;1259;28-07-18;OK;fnt002-sp01;2;105;Storage;SP;0;3
US-2015-150630;Banco do Brasil;2339;29-07-18;OK;fnt002-sp01;16;79;Art;SP;0;1
US-2015-150630;Santander;3010;30-07-18;OK;fnt002-sp01;2;42;Phones;SP;0;2
CA-2017-107727;Banco do Brasil;4194;31-07-18;OK;fnt002-sp01;16;15;Binders;SP;0;1
CA-2016-117590;Bradesco;421;01-08-18;OK;fnt002-sp02;20;230;Art;SP;0;2
CA-2016-117590;Banco do Brasil;1506;02-08-18;OK;fnt002-sp03;6;132;Appliances;SP;0;4
CA-2015-117415;Santander;2634;03-08-18;OK;fnt002-sp04;2;239;Chairs;SP;0;4
CA-2015-117415;Bradesco;3377;04-08-18;OK;fnt002-sp05;16;172;Tables;SP;0;3
CA-2015-117415;Bradesco;4142;05-08-18;OK;fnt002-sp06;3;95;Binders;SP;0;1
CA-2015-117415;Bradesco;3703;06-08-18;OK;fnt002-sp06;10;254;Accessories;SP;0;2
CA-2017-120999;Bradesco;3897;07-08-18;OK;fnt002-sp01;17;91;Bookcases;SP;0;4
CA-2016-101343;Banco do Brasil;3621;08-08-18;OK;fnt002-sp01;13;130;Binders;SP;0;3
CA-2016-117590;Bradesco;2979;09-08-18;OK;fnt002-sp01;2;156;Tables;RJ;0;1
CA-2015-117415;Bradesco;5214;10-08-18;OK;fnt002-sp01;13;92;Binders;RJ;0;3
CA-2015-117415;Bradesco;506;11-08-18;OK;fnt002-sp01;9;275;Accessories;RJ;0;0
CA-2015-117415;Bradesco;3446;12-08-18;OK;fnt002-sp01;5;303;Bookcases;RJ;0;0
CA-2015-117415;Banco do Brasil;2518;13-08-18;OK;fnt002-sp01;8;74;Binders;RJ;0;2
CA-2016-152156;Bradesco;633;14-08-18;OK;fnt002-sp01;16;103;Bookcases;RJ;0;3
CA-2016-152156;Banco do Brasil;4113;15-08-18;OK;fnt002-sp01;18;313;Chairs;RJ;0;0
CA-2016-138688;Santander;5643;16-08-18;OK;fnt002-sp01;13;224;Labels;MG;0;4
US-2015-108966;Bradesco;2073;17-08-18;OK;fnt002-sp01;8;39;Tables;SP;0;3
US-2015-108966;Bradesco;1841;18-08-18;OK;fnt002-sp01;19;49;Storage;SP;0;0
CA-2014-115812;Bradesco;2711;19-08-18;OK;fnt002-sp01;18;232;Furnishings;SP;0;4
CA-2014-115812;Bradesco;5077;20-08-18;OK;fnt002-sp01;20;15;Furnishings;SP;0;0
CA-2016-121755;Banco do Brasil;398;21-08-18;OK;fnt002-sp01;5;123;Tables;SP;0;2
US-2015-150630;Bradesco;2982;22-08-18;OK;fnt002-sp02;18;272;Binders;SP;0;4
US-2015-150630;Banco do Brasil;5597;23-08-18;OK;fnt002-sp03;7;304;Accessories;SP;0;2
US-2015-150630;Santander;4905;24-08-18;OK;fnt002-sp04;8;270;Bookcases;SP;0;0
US-2015-150630;Bradesco;979;25-08-18;OK;fnt002-sp05;20;219;Binders;SP;0;3
US-2015-150630;Bradesco;857;26-08-18;OK;fnt002-sp06;5;237;Tables;SP;0;1
US-2015-150630;Bradesco;436;27-08-18;OK;fnt002-sp06;1;211;Binders;SP;0;0
US-2015-150630;Bradesco;3982;28-08-18;OK;fnt002-sp01;18;124;Accessories;SP;0;4
CA-2017-107727;Banco do Brasil;2838;29-08-18;OK;fnt002-sp01;5;261;Bookcases;SP;0;3
CA-2016-117590;Bradesco;1722;30-08-18;OK;fnt002-sp01;2;119;Binders;SP;0;4
CA-2016-117590;Banco do Brasil;2390;31-08-18;OK;fnt002-sp01;13;307;Bookcases;SP;0;0
CA-2015-117415;Santander;884;01-09-18;OK;fnt002-sp01;4;290;Chairs;SP;0;3
CA-2015-117415;Banco do Brasil;4289;02-09-18;OK;fnt002-sp01;6;319;Labels;SP;0;0
CA-2015-117415;Bradesco;3782;03-09-18;OK;fnt002-sp01;17;69;Tables;SP;0;3
CA-2015-117415;Banco do Brasil;645;04-09-18;OK;fnt002-sp01;5;111;Storage;SP;0;4
CA-2017-120999;Santander;1767;05-09-18;OK;fnt002-sp01;11;17;Furnishings;SP;0;2
CA-2016-101343;Bradesco;5102;06-09-18;OK;fnt002-sp01;19;239;Tables;SP;0;1
CA-2016-117590;Bradesco;2085;07-09-18;OK;fnt002-sp01;7;144;Binders;RJ;0;0
CA-2015-117415;Bradesco;3322;08-09-18;OK;fnt002-sp01;12;278;Accessories;RJ;0;3
CA-2015-117415;Bradesco;685;09-09-18;OK;fnt002-sp01;5;311;Bookcases;RJ;0;3
CA-2015-117415;Banco do Brasil;2251;10-09-18;OK;fnt002-sp01;9;304;Binders;RJ;0;0
CA-2015-117415;Bradesco;3745;11-09-18;OK;fnt002-sp01;7;99;Tables;RJ;0;2
CA-2016-152156;Bradesco;3336;12-09-18;OK;fnt002-sp01;18;45;Binders;RJ;0;3
CA-2016-152156;Bradesco;1579;13-09-18;OK;fnt002-sp01;13;221;Accessories;RJ;0;2
CA-2016-138688;Bradesco;517;14-09-18;OK;fnt002-sp01;4;136;Bookcases;MG;0;0
US-2015-108966;Banco do Brasil;1545;15-09-18;OK;fnt002-sp01;20;107;Binders;SP;0;3
US-2015-108966;Bradesco;3557;16-09-18;OK;fnt002-sp02;17;104;Bookcases;SP;0;2
CA-2014-115812;Banco do Brasil;2467;17-09-18;OK;fnt002-sp03;16;46;Chairs;SP;0;2
CA-2014-115812;Santander;5059;18-09-18;OK;fnt002-sp04;17;105;Labels;SP;0;2
CA-2016-121755;Bradesco;2725;19-09-18;OK;fnt002-sp05;14;32;Tables;SP;0;0
US-2015-150630;Bradesco;170;20-09-18;OK;fnt002-sp06;8;237;Storage;SP;0;4
US-2015-150630;Bradesco;2542;21-09-18;OK;fnt002-sp06;20;89;Furnishings;SP;0;2
US-2015-150630;Bradesco;1196;22-09-18;OK;fnt002-sp01;10;110;Tables;SP;0;2
US-2015-150630;Banco do Brasil;2868;23-09-18;OK;fnt002-sp01;14;219;Binders;SP;0;1
US-2015-150630;Bradesco;1337;24-09-18;OK;fnt002-sp01;20;274;Accessories;SP;0;2
US-2015-150630;Banco do Brasil;4481;25-09-18;OK;fnt002-sp01;2;98;Bookcases;SP;0;0
US-2015-150630;Santander;1238;26-09-18;OK;fnt002-sp01;9;208;Binders;SP;0;3
CA-2017-107727;Bradesco;1853;27-09-18;OK;fnt002-sp01;20;142;Tables;SP;0;4
CA-2016-117590;Bradesco;1539;28-09-18;OK;fnt002-sp01;6;313;Binders;SP;0;3
CA-2016-117590;Bradesco;4911;29-09-18;OK;fnt002-sp01;19;80;Accessories;SP;0;3
CA-2015-117415;Bradesco;1758;30-09-18;OK;fnt002-sp01;11;228;Bookcases;SP;0;3
CA-2015-117415;Banco do Brasil;2991;08-08-18;OK;fnt002-sp01;7;139;Binders;SP;0;3
CA-2015-117415;Bradesco;2897;09-08-18;OK;fnt002-sp01;1;155;Bookcases;SP;0;4
CA-2015-117415;Banco do Brasil;5026;10-08-18;OK;fnt002-sp01;17;230;Chairs;SP;0;4
CA-2017-120999;Santander;1564;11-08-18;OK;fnt002-sp01;19;16;Labels;SP;0;3
CA-2016-101343;Banco do Brasil;1820;12-08-18;OK;fnt002-sp01;7;38;Tables;SP;0;2
CA-2016-117590;Bradesco;5603;13-08-18;OK;fnt002-sp01;3;228;Storage;RJ;0;3
CA-2015-117415;Banco do Brasil;2680;14-08-18;OK;fnt002-sp02;5;27;Furnishings;RJ;0;3
CA-2015-117415;Santander;653;15-08-18;OK;fnt002-sp03;18;218;Tables;RJ;0;0
CA-2015-117415;Bradesco;1080;16-08-18;OK;fnt002-sp04;17;254;Binders;RJ;0;3
CA-2015-117415;Bradesco;592;17-08-18;OK;fnt002-sp05;14;234;Accessories;RJ;0;3
CA-2016-152156;Bradesco;4941;18-08-18;OK;fnt002-sp06;19;307;Bookcases;RJ;0;4
CA-2016-152156;Bradesco;1014;19-08-18;OK;fnt002-sp06;15;95;Binders;RJ;0;3
CA-2016-138688;Banco do Brasil;4336;20-08-18;OK;fnt002-sp01;20;281;Tables;MG;0;4
US-2015-108966;Banco do Brasil;3059;21-08-18;OK;fnt002-sp01;4;286;Binders;SP;0;3
US-2015-108966;Bradesco;1037;22-08-18;OK;fnt002-sp01;12;147;Accessories;SP;0;3
CA-2014-115812;Banco do Brasil;3947;23-08-18;OK;fnt002-sp01;19;48;Bookcases;SP;0;1
CA-2014-115812;Santander;699;24-08-18;OK;fnt002-sp01;19;145;Binders;SP;0;3
CA-2016-121755;Banco do Brasil;4045;25-08-18;OK;fnt002-sp01;3;287;Bookcases;SP;0;1
US-2015-150630;Bradesco;2688;26-08-18;OK;fnt002-sp01;7;153;Chairs;SP;0;4
US-2015-150630;Banco do Brasil;5504;27-08-18;OK;fnt002-sp01;9;205;Labels;SP;0;4
US-2015-150630;Santander;1970;28-08-18;OK;fnt002-sp01;6;39;Tables;SP;0;3
US-2015-150630;Bradesco;3012;29-08-18;OK;fnt002-sp01;8;54;Storage;SP;0;0
US-2015-150630;Bradesco;3373;30-08-18;OK;fnt002-sp01;14;307;Furnishings;SP;0;4
US-2015-150630;Bradesco;4548;31-08-18;OK;fnt002-sp01;8;295;Tables;SP;0;2
US-2015-150630;Bradesco;2084;01-09-18;OK;fnt002-sp01;3;49;Binders;SP;0;4
CA-2017-107727;Banco do Brasil;5666;02-09-18;OK;fnt002-sp01;1;61;Accessories;SP;0;3
CA-2016-117590;Banco do Brasil;3049;03-09-18;OK;fnt002-sp01;5;144;Bookcases;SP;0;2
CA-2016-117590;Bradesco;4303;04-09-18;OK;fnt002-sp01;13;123;Binders;SP;0;2
CA-2015-117415;Banco do Brasil;527;05-09-18;OK;fnt002-sp01;15;188;Tables;SP;0;1
CA-2015-117415;Santander;4576;06-09-18;OK;fnt002-sp01;4;161;Binders;SP;0;1
CA-2015-117415;Banco do Brasil;910;07-09-18;OK;fnt002-sp01;19;60;Accessories;SP;0;2
CA-2015-117415;Bradesco;2913;08-09-18;OK;fnt002-sp02;20;46;Bookcases;SP;0;0
CA-2017-120999;Banco do Brasil;2659;09-09-18;OK;fnt002-sp03;20;144;Binders;SP;0;3
CA-2016-101343;Santander;1794;10-09-18;OK;fnt002-sp04;1;94;Bookcases;SP;0;2
CA-2016-117590;Bradesco;709;11-09-18;OK;fnt002-sp05;18;217;Chairs;RJ;0;1
CA-2015-117415;Bradesco;1784;12-09-18;OK;fnt002-sp06;10;295;Labels;RJ;0;4
CA-2015-117415;Bradesco;3605;13-09-18;OK;fnt002-sp06;20;18;Tables;RJ;0;4
CA-2015-117415;Bradesco;1985;14-09-18;OK;fnt002-sp01;16;171;Storage;RJ;0;0
CA-2015-117415;Banco do Brasil;692;15-09-18;OK;fnt002-sp01;5;291;Furnishings;RJ;0;1
CA-2016-152156;Banco do Brasil;1369;16-09-18;OK;fnt002-sp01;15;112;Tables;RJ;0;4
CA-2016-152156;Bradesco;4344;17-09-18;OK;fnt002-sp01;5;79;Binders;RJ;0;0
CA-2016-138688;Banco do Brasil;1435;18-09-18;OK;fnt002-sp01;3;168;Accessories;MG;0;1
US-2015-108966;Santander;3579;19-09-18;OK;fnt002-sp01;1;46;Bookcases;SP;0;0
US-2015-108966;Banco do Brasil;504;20-09-18;OK;fnt002-sp01;13;176;Binders;SP;0;0
CA-2014-115812;Bradesco;4498;21-09-18;OK;fnt002-sp01;17;32;Tables;SP;0;2
CA-2014-115812;Banco do Brasil;5222;22-09-18;OK;fnt002-sp01;12;171;Binders;SP;0;1
CA-2016-121755;Santander;2528;23-09-18;OK;fnt002-sp01;12;318;Accessories;SP;0;4
US-2015-150630;Bradesco;221;24-09-18;OK;fnt002-sp01;16;249;Bookcases;SP;0;2
US-2015-150630;Bradesco;2284;25-09-18;OK;fnt002-sp01;1;249;Binders;SP;0;2
US-2015-150630;Bradesco;4893;26-09-18;OK;fnt002-sp01;3;118;Bookcases;SP;0;0
US-2015-150630;Bradesco;534;27-09-18;OK;fnt002-sp01;12;126;Chairs;SP;0;0
US-2015-150630;Banco do Brasil;4404;28-09-18;OK;fnt002-sp01;12;41;Labels;SP;0;1
US-2015-150630;Banco do Brasil;1782;29-09-18;OK;fnt002-sp02;4;302;Tables;SP;0;4
US-2015-150630;Bradesco;948;30-09-18;OK;fnt002-sp03;10;272;Storage;SP;0;0
CA-2017-107727;Banco do Brasil;1262;24-11-18;OK;fnt002-sp04;4;310;Furnishings;SP;0;3
CA-2016-117590;Santander;1398;25-11-18;OK;fnt002-sp05;5;209;Tables;SP;0;0
CA-2016-117590;Banco do Brasil;1634;26-11-18;OK;fnt002-sp06;20;120;Binders;SP;0;4
CA-2015-117415;Bradesco;2652;27-11-18;OK;fnt002-sp06;12;137;Accessories;SP;0;2
CA-2015-117415;Banco do Brasil;2368;28-11-18;OK;fnt002-sp01;20;50;Bookcases;SP;0;4
CA-2015-117415;Santander;5591;29-11-18;OK;fnt002-sp01;18;158;Binders;SP;0;1
CA-2015-117415;Bradesco;5578;30-11-18;OK;fnt002-sp01;4;183;Tables;SP;0;0
CA-2017-120999;Bradesco;486;01-12-18;OK;fnt002-sp01;6;35;Binders;SP;0;1
CA-2016-101343;Bradesco;3916;02-12-18;OK;fnt002-sp01;12;316;Accessories;SP;0;2
CA-2016-117590;Bradesco;2372;03-12-18;OK;fnt002-sp01;2;237;Bookcases;RJ;0;1
CA-2015-117415;Banco do Brasil;1667;04-12-18;OK;fnt002-sp01;7;93;Binders;RJ;0;2
CA-2015-117415;Banco do Brasil;2566;05-12-18;OK;fnt002-sp01;6;135;Bookcases;RJ;0;1
CA-2015-117415;Bradesco;2887;06-12-18;OK;fnt002-sp01;6;308;Chairs;RJ;0;2
CA-2015-117415;Banco do Brasil;813;07-12-18;OK;fnt002-sp01;3;101;Labels;RJ;0;0
CA-2016-152156;Santander;1777;08-12-18;OK;fnt002-sp01;2;196;Tables;RJ;0;4
CA-2016-152156;Banco do Brasil;3325;09-12-18;OK;fnt002-sp01;5;102;Storage;RJ;0;2
CA-2016-138688;Bradesco;1419;10-12-18;OK;fnt002-sp01;20;96;Furnishings;MG;0;1
US-2015-108966;Banco do Brasil;381;11-12-18;OK;fnt002-sp01;15;107;Tables;SP;0;1
US-2015-108966;Santander;1298;12-12-18;OK;fnt002-sp01;17;58;Binders;SP;0;1
CA-2014-115812;Bradesco;895;13-12-18;OK;fnt002-sp01;1;131;Accessories;SP;0;4
CA-2014-115812;Bradesco;2535;14-12-18;OK;fnt002-sp01;18;125;Bookcases;SP;0;4
CA-2016-121755;Bradesco;3907;15-12-18;OK;fnt002-sp01;13;120;Binders;SP;0;0
US-2015-150630;Bradesco;4750;16-12-18;OK;fnt002-sp01;2;270;Tables;SP;0;3
US-2015-150630;Banco do Brasil;4947;17-12-18;OK;fnt002-sp02;10;75;Binders;SP;0;3
US-2015-150630;Banco do Brasil;5020;18-12-18;OK;fnt002-sp03;19;165;Accessories;SP;0;2
US-2015-150630;Bradesco;2512;19-12-18;OK;fnt002-sp04;16;27;Bookcases;SP;0;0
US-2015-150630;Banco do Brasil;2258;20-12-18;OK;fnt002-sp05;17;73;Binders;SP;0;4
US-2015-150630;Santander;2708;21-12-18;OK;fnt002-sp06;13;75;Bookcases;SP;0;2
US-2015-150630;Banco do Brasil;5228;22-12-18;OK;fnt002-sp06;18;52;Chairs;SP;0;2
CA-2017-107727;Bradesco;3541;23-12-18;OK;fnt002-sp01;4;122;Labels;SP;0;0
CA-2016-117590;Banco do Brasil;2974;24-12-18;OK;fnt002-sp01;11;30;Tables;SP;0;0
CA-2016-117590;Santander;2183;25-12-18;OK;fnt002-sp01;11;169;Storage;SP;0;3
CA-2015-117415;Bradesco;4721;26-12-18;OK;fnt002-sp01;19;25;Furnishings;SP;0;3
CA-2015-117415;Bradesco;5439;27-12-18;OK;fnt002-sp01;5;80;Tables;SP;0;1
CA-2015-117415;Bradesco;2068;28-12-18;OK;fnt002-sp01;19;185;Binders;SP;0;3
CA-2015-117415;Bradesco;5098;29-12-18;OK;fnt002-sp01;15;78;Accessories;SP;0;4
CA-2017-120999;Banco do Brasil;2549;30-12-18;OK;fnt002-sp01;20;174;Bookcases;SP;0;4
CA-2016-101343;Bradesco;3516;31-12-18;OK;fnt002-sp01;4;212;Binders;SP;0;2
CA-2016-117590;Bradesco;5192;01-01-19;OK;fnt002-sp01;7;56;Tables;RJ;0;2
CA-2015-117415;Bradesco;646;02-01-19;OK;fnt002-sp01;10;150;Binders;RJ;0;0
CA-2015-117415;Bradesco;5589;03-01-19;OK;fnt002-sp01;5;284;Accessories;RJ;0;1
CA-2015-117415;Bradesco;5184;04-01-19;OK;fnt002-sp01;5;59;Bookcases;RJ;0;3
CA-2015-117415;Bradesco;194;05-01-19;OK;fnt002-sp01;12;177;Binders;RJ;0;2
CA-2015-117415;Bradesco;5114;06-01-19;OK;fnt002-sp01;13;206;Bookcases;RJ;0;4
CA-2015-117415;Bradesco;1567;07-01-19;OK;fnt002-sp02;3;236;Chairs;RJ;0;2
CA-2015-117415;Bradesco;448;08-01-19;OK;fnt002-sp03;15;202;Labels;MG;0;4
CA-2015-117415;Bradesco;3307;09-01-19;OK;fnt002-sp04;6;206;Tables;SP;0;2
CA-2015-117416;Bradesco;3610;10-01-19;OK;fnt002-sp05;17;120;Storage;SP;0;1
CA-2015-117417;Bradesco;3446;11-01-19;OK;fnt002-sp06;10;91;Furnishings;SP;0;0
CA-2015-117418;Banco do Brasil;5114;12-01-19;OK;fnt002-sp06;13;290;Tables;SP;0;1
CA-2015-117419;Bradesco;4646;13-01-19;OK;fnt002-sp01;16;268;Binders;SP;0;2
CA-2015-117420;Bradesco;3884;14-01-19;OK;fnt002-sp01;14;152;Accessories;SP;0;2
CA-2015-117421;Bradesco;1141;15-01-19;OK;fnt002-sp01;3;77;Bookcases;SP;0;4
CA-2015-117422;Bradesco;5575;16-01-19;OK;fnt002-sp01;7;194;Binders;SP;0;1
CA-2015-117423;Bradesco;3241;17-01-19;OK;fnt002-sp01;18;223;Tables;SP;0;4
CA-2015-117424;Bradesco;4419;18-01-19;OK;fnt002-sp01;16;73;Binders;SP;0;1
CA-2015-117425;Bradesco;2497;19-01-19;OK;fnt002-sp01;14;317;Accessories;SP;0;0
CA-2015-117426;Bradesco;1462;20-01-19;OK;fnt002-sp01;9;145;Bookcases;SP;0;4
CA-2015-117427;Bradesco;4999;21-01-19;OK;fnt002-sp01;4;228;Binders;SP;0;3
CA-2015-117428;Bradesco;3875;22-01-19;OK;fnt002-sp01;10;81;Bookcases;SP;0;1
CA-2015-117429;Bradesco;2948;23-01-19;OK;fnt002-sp01;13;276;Chairs;SP;0;1

